TN:
SF:src/App.styles.ts
FN:4,(anonymous_0)
FN:12,(anonymous_1)
FN:13,(anonymous_2)
FN:14,(anonymous_3)
FNF:4
FNH:4
FNDA:1,(anonymous_0)
FNDA:1,(anonymous_1)
FNDA:1,(anonymous_2)
FNDA:1,(anonymous_3)
DA:3,1
DA:4,1
DA:10,1
DA:12,1
DA:13,1
DA:14,1
DA:28,1
LF:7
LH:7
BRF:0
BRH:0
end_of_record
TN:
SF:src/App.tsx
FN:7,(anonymous_0)
FNF:1
FNH:1
FNDA:1,(anonymous_0)
DA:7,1
DA:8,1
LF:2
LH:2
BRF:0
BRH:0
end_of_record
TN:
SF:src/components/ButtonComponent/ButtonComponent.styles.ts
FN:4,(anonymous_0)
FN:6,(anonymous_1)
FN:7,(anonymous_2)
FN:14,(anonymous_3)
FN:15,(anonymous_4)
FN:18,(anonymous_5)
FNF:6
FNH:6
FNDA:2,(anonymous_0)
FNDA:2,(anonymous_1)
FNDA:2,(anonymous_2)
FNDA:2,(anonymous_3)
FNDA:2,(anonymous_4)
FNDA:2,(anonymous_5)
DA:3,1
DA:4,2
DA:6,2
DA:7,2
DA:14,2
DA:15,2
DA:18,2
LF:7
LH:7
BRF:0
BRH:0
end_of_record
TN:
SF:src/components/ButtonComponent/ButtonComponent.tsx
FN:11,(anonymous_0)
FNF:1
FNH:1
FNDA:2,(anonymous_0)
DA:11,1
DA:12,2
LF:2
LH:2
BRF:0
BRH:0
end_of_record
TN:
SF:src/components/ButtonComponent/index.ts
FNF:0
FNH:0
LF:0
LH:0
BRF:0
BRH:0
end_of_record
TN:
SF:src/components/ChartComponent/ChartComponent.styles.ts
FN:4,(anonymous_0)
FNF:1
FNH:1
FNDA:2,(anonymous_0)
DA:3,1
DA:4,2
LF:2
LH:2
BRF:0
BRH:0
end_of_record
TN:
SF:src/components/ChartComponent/ChartComponent.tsx
FN:24,(anonymous_0)
FNF:1
FNH:1
FNDA:2,(anonymous_0)
DA:24,1
DA:25,2
DA:65,1
LF:3
LH:3
BRF:0
BRH:0
end_of_record
TN:
SF:src/components/ChartComponent/index.ts
FNF:0
FNH:0
LF:0
LH:0
BRF:0
BRH:0
end_of_record
TN:
SF:src/components/TextInput/TextInout.styles.ts
FN:13,(anonymous_0)
FN:23,(anonymous_1)
FN:24,(anonymous_2)
FNF:3
FNH:3
FNDA:6,(anonymous_0)
FNDA:6,(anonymous_1)
FNDA:6,(anonymous_2)
DA:3,2
DA:12,2
DA:13,6
DA:16,2
DA:23,6
DA:24,6
LF:6
LH:6
BRF:0
BRH:0
end_of_record
TN:
SF:src/components/TextInput/TextInput.tsx
FN:17,(anonymous_0)
FNF:1
FNH:1
FNDA:6,(anonymous_0)
DA:17,2
DA:25,6
LF:2
LH:2
BRDA:23,0,0,1
BRF:1
BRH:1
end_of_record
TN:
SF:src/components/TextInput/index.ts
FNF:0
FNH:0
LF:0
LH:0
BRF:0
BRH:0
end_of_record
TN:
SF:src/mock/financialmodelingprep.ts
FN:10,(anonymous_0)
FN:15,(anonymous_1)
FN:18,(anonymous_2)
FNF:3
FNH:3
FNDA:1109,(anonymous_0)
FNDA:3,(anonymous_1)
FNDA:3327,(anonymous_2)
DA:8,1
DA:11,1109
DA:14,1
DA:15,3
DA:19,3327
LF:5
LH:5
BRF:0
BRH:0
end_of_record
TN:
SF:src/mock/portfolios.ts
FNF:0
FNH:0
DA:5,2
LF:1
LH:1
BRF:0
BRH:0
end_of_record
TN:
SF:src/pages/Dashboard.tsx
FN:27,(anonymous_0)
FN:41,(anonymous_1)
FN:47,(anonymous_2)
FN:50,(anonymous_3)
FN:56,(anonymous_4)
FN:60,(anonymous_5)
FN:62,(anonymous_6)
FN:79,(anonymous_7)
FN:91,(anonymous_8)
FN:102,(anonymous_9)
FN:106,(anonymous_10)
FN:111,(anonymous_11)
FN:137,(anonymous_12)
FN:144,(anonymous_13)
FN:156,(anonymous_14)
FN:158,(anonymous_15)
FN:166,(anonymous_16)
FN:170,(anonymous_17)
FNF:18
FNH:14
FNDA:2,(anonymous_0)
FNDA:53,(anonymous_1)
FNDA:8427,(anonymous_2)
FNDA:4293,(anonymous_3)
FNDA:53,(anonymous_4)
FNDA:8427,(anonymous_5)
FNDA:25281,(anonymous_6)
FNDA:1,(anonymous_7)
FNDA:53,(anonymous_8)
FNDA:1,(anonymous_9)
FNDA:0,(anonymous_10)
FNDA:0,(anonymous_11)
FNDA:0,(anonymous_12)
FNDA:0,(anonymous_13)
FNDA:2,(anonymous_14)
FNDA:2,(anonymous_15)
FNDA:2,(anonymous_16)
FNDA:2,(anonymous_17)
DA:25,1
DA:27,1
DA:28,2
DA:29,2
DA:30,2
DA:33,2
DA:34,2
DA:38,2
DA:39,2
DA:41,2
DA:46,53
DA:47,8427
DA:50,53
DA:51,4293
DA:52,4293
DA:56,2
DA:57,53
DA:59,53
DA:60,2809
DA:61,8427
DA:62,25281
DA:64,8427
DA:66,8427
DA:67,8427
DA:76,53
DA:79,2
DA:80,1
DA:81,1
DA:82,53
DA:84,53
DA:89,53
DA:90,53
DA:91,53
DA:92,53
DA:102,2
DA:103,1
DA:106,2
DA:107,0
DA:108,0
DA:111,2
DA:112,0
DA:115,2
DA:137,0
DA:144,0
DA:155,1
DA:156,2
DA:158,2
DA:165,1
DA:166,2
DA:170,2
LF:50
LH:45
BRDA:47,0,0,8427
BRDA:47,0,1,4293
BRDA:112,1,0,0
BRDA:112,1,1,0
BRF:4
BRH:2
end_of_record
TN:
SF:src/testing/render.tsx
FN:10,(anonymous_0)
FN:15,(anonymous_1)
FNF:2
FNH:2
FNDA:2,(anonymous_0)
FNDA:2,(anonymous_1)
DA:10,1
DA:11,2
DA:12,2
DA:15,1
DA:18,2
LF:5
LH:5
BRF:0
BRH:0
end_of_record
TN:
SF:src/theme/styled.d.ts
FNF:0
FNH:0
LF:0
LH:0
BRF:0
BRH:0
end_of_record
TN:
SF:src/theme/theme.ts
FNF:0
FNH:0
DA:27,2
LF:1
LH:1
BRF:0
BRH:0
end_of_record
TN:
SF:src/types/ChartData.ts
FNF:0
FNH:0
LF:0
LH:0
BRF:0
BRH:0
end_of_record
TN:
SF:src/types/DailyPrices.ts
FNF:0
FNH:0
LF:0
LH:0
BRF:0
BRH:0
end_of_record
TN:
SF:src/types/HistoricalStock.ts
FNF:0
FNH:0
LF:0
LH:0
BRF:0
BRH:0
end_of_record
TN:
SF:src/types/Portfilio.ts
FNF:0
FNH:0
LF:0
LH:0
BRF:0
BRH:0
end_of_record
TN:
SF:src/types/Purchase.ts
FNF:0
FNH:0
LF:0
LH:0
BRF:0
BRH:0
end_of_record
TN:
SF:src/types/Tickers.ts
FNF:0
FNH:0
DA:1,4
LF:1
LH:1
BRF:0
BRH:0
end_of_record
TN:
SF:src/types/constants.ts
FNF:0
FNH:0
DA:1,4
DA:2,4
DA:3,4
DA:4,4
DA:5,4
DA:6,4
LF:6
LH:6
BRF:0
BRH:0
end_of_record
TN:
SF:src/utils/getClosingPrice.ts
FN:7,(anonymous_0)
FNF:1
FNH:1
FNDA:12721,(anonymous_0)
DA:7,2
DA:12,12721
LF:2
LH:2
BRF:0
BRH:0
end_of_record
TN:
SF:src/utils/getDailyPrices.ts
FN:4,(anonymous_0)
FN:8,(anonymous_1)
FNF:2
FNH:2
FNDA:3,(anonymous_0)
FNDA:6655,(anonymous_1)
DA:4,2
DA:5,3
DA:7,3
DA:8,7
DA:9,6655
DA:16,3
LF:6
LH:6
BRF:0
BRH:0
end_of_record
TN:
SF:src/utils/getInvestDates.ts
FN:6,(anonymous_0)
FN:19,(anonymous_1)
FN:23,(anonymous_2)
FNF:3
FNH:3
FNDA:3,(anonymous_0)
FNDA:23960,(anonymous_1)
FNDA:165,(anonymous_2)
DA:6,2
DA:7,3
DA:8,3
DA:10,3
DA:11,3
DA:12,165
DA:16,165
DA:19,3
DA:20,23960
DA:23,3
DA:24,165
DA:25,23630
DA:28,165
LF:13
LH:13
BRDA:11,0,0,168
BRDA:11,0,1,6
BRDA:12,1,0,162
BRDA:12,1,1,3
BRDA:24,2,0,23795
BRDA:24,2,1,23640
BRDA:28,3,0,155
BRDA:28,3,1,10
BRF:8
BRH:8
end_of_record
TN:
SF:src/utils/getPortfolio.ts
FN:3,(anonymous_0)
FNF:1
FNH:1
FNDA:3,(anonymous_0)
DA:3,2
DA:4,3
DA:5,3
DA:6,3
DA:10,0
LF:5
LH:4
BRDA:5,0,0,3
BRDA:5,0,1,0
BRDA:5,1,0,3
BRDA:5,1,1,0
BRF:4
BRH:2
end_of_record
TN:
SF:src/utils/test/mocks.ts
FN:8,(anonymous_0)
FN:11,(anonymous_1)
FNF:2
FNH:2
FNDA:6,(anonymous_0)
FNDA:6,(anonymous_1)
DA:7,3
DA:8,6
DA:10,3
DA:12,6
LF:4
LH:4
BRF:0
BRH:0
end_of_record
